2019-07-24 13:57:14 +0000  Initial pipeline context: <IDEDistributionProcessingPipelineContext: 0x7fa6432da1e0; archive(resolved)='<IDEArchive: 0x7fa652210de0>', distributionTask(resolved)='2', distributionDestination(resolved)='1', distributionMethod(resolved)='<IDEDistributionMethodDevelopmentSigned: 0x7fa63d97af20>', team(resolved)='<IDEProvisioningDisambiguatableBasicTeam: 0x7fa6602f8b40; teamID='H79W6YY34M', teamName='mingwei huang', teamType='Individual', username='247104800@qq.com', isFreeProvisioningTeam='0'>'>
	Chain (12, self inclusive):
	<IDEDistributionProcessingPipelineContext: 0x7fa6432da1e0; archive = '<IDEArchive: 0x7fa652210de0>', distributionMethod='<IDEDistributionMethodDevelopmentSigned: 0x7fa63d97af20>', team='<IDEProvisioningDisambiguatableBasicTeam: 0x7fa6602f8b40; teamID='H79W6YY34M', teamName='mingwei huang', teamType='Individual', username='247104800@qq.com', isFreeProvisioningTeam='0'>'>
	<IDEDistributionProcessingPipelineContext: 0x7fa6432c9e40; archive = '<IDEArchive: 0x7fa652210de0>', distributionMethod='<IDEDistributionMethodDevelopmentSigned: 0x7fa63d97af20>', team='<IDEProvisioningDisambiguatableBasicTeam: 0x7fa6602f8b40; teamID='H79W6YY34M', teamName='mingwei huang', teamType='Individual', username='247104800@qq.com', isFreeProvisioningTeam='0'>'>
	<IDEDistributionContext: 0x7fa642ee5660; archive = '<IDEArchive: 0x7fa652210de0>', distributionMethod='<IDEDistributionMethodDevelopmentSigned: 0x7fa63d97af20>', team='<IDEProvisioningDisambiguatableBasicTeam: 0x7fa6602f8b40; teamID='H79W6YY34M', teamName='mingwei huang', teamType='Individual', username='247104800@qq.com', isFreeProvisioningTeam='0'>'>
	<IDEDistributionContext: 0x7fa643216e40; archive = '<IDEArchive: 0x7fa652210de0>', distributionMethod='<IDEDistributionMethodDevelopmentSigned: 0x7fa63d97af20>', team='<IDEProvisioningDisambiguatableBasicTeam: 0x7fa6602f8b40; teamID='H79W6YY34M', teamName='mingwei huang', teamType='Individual', username='247104800@qq.com', isFreeProvisioningTeam='0'>'>
	<IDEDistributionContext: 0x7fa6448b75f0; archive = '<IDEArchive: 0x7fa652210de0>', distributionMethod='<IDEDistributionMethodDevelopmentSigned: 0x7fa63d97af20>', team='<IDEProvisioningDisambiguatableBasicTeam: 0x7fa6602f8b40; teamID='H79W6YY34M', teamName='mingwei huang', teamType='Individual', username='247104800@qq.com', isFreeProvisioningTeam='0'>'>
	<IDEDistributionContext: 0x7fa6432730f0; archive = '<IDEArchive: 0x7fa652210de0>', distributionMethod='<IDEDistributionMethodDevelopmentSigned: 0x7fa63d97af20>', team='<IDEProvisioningDisambiguatableBasicTeam: 0x7fa6602f8b40; teamID='H79W6YY34M', teamName='mingwei huang', teamType='Individual', username='247104800@qq.com', isFreeProvisioningTeam='0'>'>
	<IDEDistributionContext: 0x7fa6430fa170; archive = '<IDEArchive: 0x7fa652210de0>', distributionMethod='<IDEDistributionMethodDevelopmentSigned: 0x7fa63d97af20>', team='<IDEProvisioningDisambiguatableBasicTeam: 0x7fa6602f8b40; teamID='H79W6YY34M', teamName='mingwei huang', teamType='Individual', username='247104800@qq.com', isFreeProvisioningTeam='0'>'>
	<IDEDistributionContext: 0x7fa6430648f0; archive = '<IDEArchive: 0x7fa652210de0>', distributionMethod='<IDEDistributionMethodDevelopmentSigned: 0x7fa63d97af20>', team='<IDEProvisioningDisambiguatableBasicTeam: 0x7fa6602f8b40; teamID='H79W6YY34M', teamName='mingwei huang', teamType='Individual', username='247104800@qq.com', isFreeProvisioningTeam='0'>'>
	<IDEDistributionContext: 0x7fa644d34310; archive = '<IDEArchive: 0x7fa652210de0>', distributionMethod='<IDEDistributionMethodDevelopmentSigned: 0x7fa63d97af20>', team='<IDEProvisioningDisambiguatableBasicTeam: 0x7fa6602f8b40; teamID='H79W6YY34M', teamName='mingwei huang', teamType='Individual', username='247104800@qq.com', isFreeProvisioningTeam='0'>'>
	<IDEDistributionContext: 0x7fa63f46d270; archive = '<IDEArchive: 0x7fa652210de0>', distributionMethod='<IDEDistributionMethodDevelopmentSigned: 0x7fa63d97af20>', team='(null)'>
	<IDEDistributionContext: 0x7fa644d34130; archive = '<IDEArchive: 0x7fa652210de0>', distributionMethod='<IDEDistributionMethodDevelopmentSigned: 0x7fa63d97af20>', team='(null)'>
	<IDEDistributionContext: 0x7fa644d2a380; archive = '<IDEArchive: 0x7fa652210de0>', distributionMethod='(null)', team='(null)'>
</IDEDistributionProcessingPipelineContext: 0x7fa6432da1e0>
2019-07-24 13:57:14 +0000  Processing step: IDEDistributionCreateDestRootStep
2019-07-24 13:57:14 +0000  Processing step: IDEDistributionCopyItemStep
2019-07-24 13:57:14 +0000  Running /usr/bin/ditto '-V' '/Users/huangmingwei/Library/Developer/Xcode/Archives/2019-07-24/iOSLearnList 2019-7-24, 9.56 PM.xcarchive/Products/Applications/iOSLearnList.app' '/var/folders/9l/m5cvfnm95wb0nq8_nw6j3vhc0000gp/T/XcodeDistPipeline.5lx/Root/Payload/iOSLearnList.app'
2019-07-24 13:57:14 +0000  >>> Copying /Users/huangmingwei/Library/Developer/Xcode/Archives/2019-07-24/iOSLearnList 2019-7-24, 9.56 PM.xcarchive/Products/Applications/iOSLearnList.app 
2019-07-24 13:57:14 +0000  copying file ./_CodeSignature/CodeResources ... 
2019-07-24 13:57:14 +0000  43178 bytes for ./_CodeSignature/CodeResources
2019-07-24 13:57:14 +0000  copying file ./zh-Hans.lproj/LaunchScreen.strings ... 
2019-07-24 13:57:14 +0000  1 bytes for ./zh-Hans.lproj/LaunchScreen.strings
2019-07-24 13:57:14 +0000  copying file ./zh-Hans.lproj/Main.strings ... 
2019-07-24 13:57:14 +0000  1 bytes for ./zh-Hans.lproj/Main.strings
2019-07-24 13:57:14 +0000  copying file ./zh-Hans.lproj/Localizable.strings ... 
2019-07-24 13:57:14 +0000  60 bytes for ./zh-Hans.lproj/Localizable.strings
2019-07-24 13:57:14 +0000  copying file ./zh-Hans.lproj/InfoPlist.strings ... 
2019-07-24 13:57:14 +0000  101 bytes for ./zh-Hans.lproj/InfoPlist.strings
2019-07-24 13:57:14 +0000  copying file ./zh-Hans.lproj/myLanguage.strings ... 
2019-07-24 13:57:14 +0000  120 bytes for ./zh-Hans.lproj/myLanguage.strings
2019-07-24 13:57:14 +0000  copying file ./en.lproj/Localizable.strings ... 
2019-07-24 13:57:14 +0000  42 bytes for ./en.lproj/Localizable.strings
2019-07-24 13:57:14 +0000  copying file ./en.lproj/InfoPlist.strings ... 
2019-07-24 13:57:14 +0000  100 bytes for ./en.lproj/InfoPlist.strings
2019-07-24 13:57:14 +0000  copying file ./en.lproj/myLanguage.strings ... 
2019-07-24 13:57:14 +0000  42 bytes for ./en.lproj/myLanguage.strings
2019-07-24 13:57:14 +0000  copying file ./ArchiverViewController.nib ... 
2019-07-24 13:57:14 +0000  3998 bytes for ./ArchiverViewController.nib
2019-07-24 13:57:14 +0000  copying file ./lanch5@2x.png ... 
2019-07-24 13:57:14 +0000  819132 bytes for ./lanch5@2x.png
2019-07-24 13:57:14 +0000  copying file ./MJRefresh.bundle/zh-Hans.lproj/Localizable.strings ... 
2019-07-24 13:57:14 +0000  1194 bytes for ./MJRefresh.bundle/zh-Hans.lproj/Localizable.strings
2019-07-24 13:57:14 +0000  copying file ./MJRefresh.bundle/en.lproj/Localizable.strings ... 
2019-07-24 13:57:14 +0000  1372 bytes for ./MJRefresh.bundle/en.lproj/Localizable.strings
2019-07-24 13:57:14 +0000  copying file ./MJRefresh.bundle/arrow@2x.png ... 
2019-07-24 13:57:14 +0000  1033 bytes for ./MJRefresh.bundle/arrow@2x.png
2019-07-24 13:57:14 +0000  copying file ./MJRefresh.bundle/zh-Hant.lproj/Localizable.strings ... 
2019-07-24 13:57:14 +0000  773 bytes for ./MJRefresh.bundle/zh-Hant.lproj/Localizable.strings
2019-07-24 13:57:14 +0000  copying file ./AppIcon60x60@2x.png ... 
2019-07-24 13:57:14 +0000  35388 bytes for ./AppIcon60x60@2x.png
2019-07-24 13:57:14 +0000  copying file ./AppIcon29x29@2x.png ... 
2019-07-24 13:57:14 +0000  10392 bytes for ./AppIcon29x29@2x.png
2019-07-24 13:57:14 +0000  copying file ./caLayerViewController.nib ... 
2019-07-24 13:57:14 +0000  4676 bytes for ./caLayerViewController.nib
2019-07-24 13:57:14 +0000  copying file ./AppIcon40x40@3x.png ... 
2019-07-24 13:57:14 +0000  35388 bytes for ./AppIcon40x40@3x.png
2019-07-24 13:57:14 +0000  copying file ./Configuration.plist ... 
2019-07-24 13:57:14 +0000  413 bytes for ./Configuration.plist
2019-07-24 13:57:14 +0000  copying file ./AppIcon40x40@2x.png ... 
2019-07-24 13:57:14 +0000  17499 bytes for ./AppIcon40x40@2x.png
2019-07-24 13:57:14 +0000  copying file ./AppIcon29x29@3x.png ... 
2019-07-24 13:57:14 +0000  20197 bytes for ./AppIcon29x29@3x.png
2019-07-24 13:57:14 +0000  copying file ./AppIcon60x60@3x.png ... 
2019-07-24 13:57:14 +0000  73956 bytes for ./AppIcon60x60@3x.png
2019-07-24 13:57:14 +0000  copying file ./Base.lproj/Main.storyboardc/BYZ-38-t0r-view-8bC-Xf-vdC.nib ... 
2019-07-24 13:57:14 +0000  1790 bytes for ./Base.lproj/Main.storyboardc/BYZ-38-t0r-view-8bC-Xf-vdC.nib
2019-07-24 13:57:14 +0000  copying file ./Base.lproj/Main.storyboardc/UINavigationController-DDG-o5-PfR.nib ... 
2019-07-24 13:57:14 +0000  1559 bytes for ./Base.lproj/Main.storyboardc/UINavigationController-DDG-o5-PfR.nib
2019-07-24 13:57:14 +0000  copying file ./Base.lproj/Main.storyboardc/Info.plist ... 
2019-07-24 13:57:14 +0000  276 bytes for ./Base.lproj/Main.storyboardc/Info.plist
2019-07-24 13:57:14 +0000  copying file ./Base.lproj/LaunchScreen.storyboardc/01J-lp-oVM-view-Ze5-6b-2t3.nib ... 
2019-07-24 13:57:14 +0000  2261 bytes for ./Base.lproj/LaunchScreen.storyboardc/01J-lp-oVM-view-Ze5-6b-2t3.nib
2019-07-24 13:57:14 +0000  copying file ./Base.lproj/LaunchScreen.storyboardc/UIViewController-01J-lp-oVM.nib ... 
2019-07-24 13:57:14 +0000  832 bytes for ./Base.lproj/LaunchScreen.storyboardc/UIViewController-01J-lp-oVM.nib
2019-07-24 13:57:14 +0000  copying file ./Base.lproj/LaunchScreen.storyboardc/Info.plist ... 
2019-07-24 13:57:14 +0000  258 bytes for ./Base.lproj/LaunchScreen.storyboardc/Info.plist
2019-07-24 13:57:14 +0000  copying file ./data.json ... 
2019-07-24 13:57:14 +0000  9089 bytes for ./data.json
copying file ./Assets.car ... 
2019-07-24 13:57:14 +0000  262888 bytes for ./Assets.car
2019-07-24 13:57:14 +0000  copying file ./autolayoutCell.nib ... 
2019-07-24 13:57:14 +0000  3294 bytes for ./autolayoutCell.nib
2019-07-24 13:57:14 +0000  copying file ./DoraemonKit.bundle/doraemon_mock_gps@2x.png ... 
2019-07-24 13:57:14 +0000  2646 bytes for ./DoraemonKit.bundle/doraemon_mock_gps@2x.png
2019-07-24 13:57:14 +0000  copying file ./DoraemonKit.bundle/doraemon_more@2x.png ... 
2019-07-24 13:57:14 +0000  512 bytes for ./DoraemonKit.bundle/doraemon_more@2x.png
2019-07-24 13:57:14 +0000  copying file ./DoraemonKit.bundle/zh-Hans.lproj/Doraemon.strings ... 
2019-07-24 13:57:14 +0000  2505 bytes for ./DoraemonKit.bundle/zh-Hans.lproj/Doraemon.strings
2019-07-24 13:57:14 +0000  copying file ./DoraemonKit.bundle/doraemon_crash@2x.png ... 
2019-07-24 13:57:14 +0000  2399 bytes for ./DoraemonKit.bundle/doraemon_crash@2x.png
2019-07-24 13:57:14 +0000  copying file ./DoraemonKit.bundle/doraemon_memory@3x.png ... 
2019-07-24 13:57:14 +0000  1400 bytes for ./DoraemonKit.bundle/doraemon_memory@3x.png
2019-07-24 13:57:14 +0000  copying file ./DoraemonKit.bundle/doraemon_app_info@3x.png ... 
2019-07-24 13:57:14 +0000  1197 bytes for ./DoraemonKit.bundle/doraemon_app_info@3x.png
2019-07-24 13:57:14 +0000  copying file ./DoraemonKit.bundle/doraemon_kadun@3x.png ... 
2019-07-24 13:57:14 +0000  1831 bytes for ./DoraemonKit.bundle/doraemon_kadun@3x.png
2019-07-24 13:57:14 +0000  copying file ./DoraemonKit.bundle/doraemon_logo@2x.png ... 
2019-07-24 13:57:14 +0000  7916 bytes for ./DoraemonKit.bundle/doraemon_logo@2x.png
2019-07-24 13:57:14 +0000  copying file ./DoraemonKit.bundle/doraemon_location@2x.png ... 
2019-07-24 13:57:14 +0000  1518 bytes for ./DoraemonKit.bundle/doraemon_location@2x.png
2019-07-24 13:57:14 +0000  copying file ./DoraemonKit.bundle/doraemon_netflow_list_unselect@2x.png ... 
2019-07-24 13:57:14 +0000  819 bytes for ./DoraemonKit.bundle/doraemon_netflow_list_unselect@2x.png
2019-07-24 13:57:14 +0000  copying file ./DoraemonKit.bundle/en.lproj/Doraemon.strings ... 
2019-07-24 13:57:14 +0000  5038 bytes for ./DoraemonKit.bundle/en.lproj/Doraemon.strings
2019-07-24 13:57:14 +0000  copying file ./DoraemonKit.bundle/doraemon_file@3x.png ... 
2019-07-24 13:57:14 +0000  1479 bytes for ./DoraemonKit.bundle/doraemon_file@3x.png
2019-07-24 13:57:14 +0000  copying file ./DoraemonKit.bundle/doraemon_default@3x.png ... 
2019-07-24 13:57:14 +0000  4648 bytes for ./DoraemonKit.bundle/doraemon_default@3x.png
2019-07-24 13:57:14 +0000  copying file ./DoraemonKit.bundle/doraemon_cpu@3x.png ... 
2019-07-24 13:57:14 +0000  1643 bytes for ./DoraemonKit.bundle/doraemon_cpu@3x.png
copying file ./DoraemonKit.bundle/doraemon_view_check@2x.png ... 
2019-07-24 13:57:14 +0000  2163 bytes for ./DoraemonKit.bundle/doraemon_view_check@2x.png
2019-07-24 13:57:14 +0000  copying file ./DoraemonKit.bundle/doraemon_view_check@3x.png ... 
2019-07-24 13:57:14 +0000  3008 bytes for ./DoraemonKit.bundle/doraemon_view_check@3x.png
2019-07-24 13:57:14 +0000  copying file ./DoraemonKit.bundle/doraemon_cpu@2x.png ... 
2019-07-24 13:57:14 +0000  923 bytes for ./DoraemonKit.bundle/doraemon_cpu@2x.png
2019-07-24 13:57:14 +0000  copying file ./DoraemonKit.bundle/doraemon_file@2x.png ... 
2019-07-24 13:57:14 +0000  963 bytes for ./DoraemonKit.bundle/doraemon_file@2x.png
2019-07-24 13:57:14 +0000  copying file ./DoraemonKit.bundle/doraemon_default@2x.png ... 
2019-07-24 13:57:14 +0000  2993 bytes for ./DoraemonKit.bundle/doraemon_default@2x.png
2019-07-24 13:57:14 +0000  copying file ./DoraemonKit.bundle/doraemon_logo@3x.png ... 
2019-07-24 13:57:14 +0000  12599 bytes for ./DoraemonKit.bundle/doraemon_logo@3x.png
2019-07-24 13:57:14 +0000  copying file ./DoraemonKit.bundle/doraemon_location@3x.png ... 
2019-07-24 13:57:14 +0000  2175 bytes for ./DoraemonKit.bundle/doraemon_location@3x.png
2019-07-24 13:57:14 +0000  copying file ./DoraemonKit.bundle/doraemon_netflow_list_unselect@3x.png ... 
2019-07-24 13:57:14 +0000  1119 bytes for ./DoraemonKit.bundle/doraemon_netflow_list_unselect@3x.png
2019-07-24 13:57:14 +0000  copying file ./DoraemonKit.bundle/doraemon_kadun@2x.png ... 
2019-07-24 13:57:14 +0000  1205 bytes for ./DoraemonKit.bundle/doraemon_kadun@2x.png
2019-07-24 13:57:14 +0000  copying file ./DoraemonKit.bundle/doraemon_app_info@2x.png ... 
2019-07-24 13:57:14 +0000  816 bytes for ./DoraemonKit.bundle/doraemon_app_info@2x.png
2019-07-24 13:57:14 +0000  copying file ./DoraemonKit.bundle/doraemon_memory@2x.png ... 
2019-07-24 13:57:14 +0000  912 bytes for ./DoraemonKit.bundle/doraemon_memory@2x.png
2019-07-24 13:57:14 +0000  copying file ./DoraemonKit.bundle/doraemon_crash@3x.png ... 
2019-07-24 13:57:14 +0000  3237 bytes for ./DoraemonKit.bundle/doraemon_crash@3x.png
2019-07-24 13:57:14 +0000  copying file ./DoraemonKit.bundle/doraemon_mock_gps@3x.png ... 
2019-07-24 13:57:14 +0000  3713 bytes for ./DoraemonKit.bundle/doraemon_mock_gps@3x.png
2019-07-24 13:57:14 +0000  copying file ./DoraemonKit.bundle/doraemon_more@3x.png ... 
2019-07-24 13:57:14 +0000  736 bytes for ./DoraemonKit.bundle/doraemon_more@3x.png
2019-07-24 13:57:14 +0000  copying file ./DoraemonKit.bundle/doraemon_close_white@3x.png ... 
2019-07-24 13:57:14 +0000  384 bytes for ./DoraemonKit.bundle/doraemon_close_white@3x.png
2019-07-24 13:57:14 +0000  copying file ./DoraemonKit.bundle/doraemon_arrow_down@3x.png ... 
2019-07-24 13:57:14 +0000  989 bytes for ./DoraemonKit.bundle/doraemon_arrow_down@3x.png
2019-07-24 13:57:14 +0000  copying file ./DoraemonKit.bundle/doraemon_dir@3x.png ... 
2019-07-24 13:57:14 +0000  1041 bytes for ./DoraemonKit.bundle/doraemon_dir@3x.png
2019-07-24 13:57:14 +0000  copying file ./DoraemonKit.bundle/doraemon_search@3x.png ... 
2019-07-24 13:57:14 +0000  1803 bytes for ./DoraemonKit.bundle/doraemon_search@3x.png
2019-07-24 13:57:14 +0000  copying file ./DoraemonKit.bundle/doraemon_netflow_summary_unselect@3x.png ... 
2019-07-24 13:57:14 +0000  1534 bytes for ./DoraemonKit.bundle/doraemon_netflow_summary_unselect@3x.png
2019-07-24 13:57:14 +0000  copying file ./DoraemonKit.bundle/doraemon_close@3x.png ... 
2019-07-24 13:57:14 +0000  2791 bytes for ./DoraemonKit.bundle/doraemon_close@3x.png
2019-07-24 13:57:14 +0000  copying file ./DoraemonKit.bundle/doraemon_close@2x.png ... 
2019-07-24 13:57:14 +0000  1857 bytes for ./DoraemonKit.bundle/doraemon_close@2x.png
2019-07-24 13:57:14 +0000  copying file ./DoraemonKit.bundle/doraemon_netflow_summary_unselect@2x.png ... 
2019-07-24 13:57:14 +0000  1269 bytes for ./DoraemonKit.bundle/doraemon_netflow_summary_unselect@2x.png
2019-07-24 13:57:14 +0000  copying file ./DoraemonKit.bundle/doraemon_search@2x.png ... 
2019-07-24 13:57:14 +0000  1286 bytes for ./DoraemonKit.bundle/doraemon_search@2x.png
2019-07-24 13:57:14 +0000  copying file ./DoraemonKit.bundle/doraemon_dir@2x.png ... 
2019-07-24 13:57:14 +0000  616 bytes for ./DoraemonKit.bundle/doraemon_dir@2x.png
2019-07-24 13:57:14 +0000  copying file ./DoraemonKit.bundle/doraemon_arrow_down@2x.png ... 
2019-07-24 13:57:14 +0000  663 bytes for ./DoraemonKit.bundle/doraemon_arrow_down@2x.png
2019-07-24 13:57:14 +0000  copying file ./DoraemonKit.bundle/doraemon_close_white@2x.png ... 
2019-07-24 13:57:14 +0000  312 bytes for ./DoraemonKit.bundle/doraemon_close_white@2x.png
2019-07-24 13:57:14 +0000  copying file ./DoraemonKit.bundle/doraemon_align@3x.png ... 
2019-07-24 13:57:14 +0000  596 bytes for ./DoraemonKit.bundle/doraemon_align@3x.png
2019-07-24 13:57:14 +0000  copying file ./DoraemonKit.bundle/doraemon_expand_no@2x.png ... 
2019-07-24 13:57:14 +0000  572 bytes for ./DoraemonKit.bundle/doraemon_expand_no@2x.png
2019-07-24 13:57:14 +0000  copying file ./DoraemonKit.bundle/doraemon_file_2@3x.png ... 
2019-07-24 13:57:14 +0000  1291 bytes for ./DoraemonKit.bundle/doraemon_file_2@3x.png
2019-07-24 13:57:14 +0000  copying file ./DoraemonKit.bundle/doraemon_search_highlight@3x.png ... 
2019-07-24 13:57:14 +0000  2193 bytes for ./DoraemonKit.bundle/doraemon_search_highlight@3x.png
2019-07-24 13:57:14 +0000  copying file ./DoraemonKit.bundle/doraemon_fps@3x.png ... 
2019-07-24 13:57:14 +0000  2358 bytes for ./DoraemonKit.bundle/doraemon_fps@3x.png
2019-07-24 13:57:14 +0000  copying file ./DoraemonKit.bundle/doraemon_netflow_summary_select@2x.png ... 
2019-07-24 13:57:14 +0000  1054 bytes for ./DoraemonKit.bundle/doraemon_netflow_summary_select@2x.png
2019-07-24 13:57:14 +0000  copying file ./DoraemonKit.bundle/doraemon_nslog@2x.png ... 
2019-07-24 13:57:14 +0000  3063 bytes for ./DoraemonKit.bundle/doraemon_nslog@2x.png
2019-07-24 13:57:14 +0000  copying file ./DoraemonKit.bundle/doraemon_expand@3x.png ... 
2019-07-24 13:57:14 +0000  751 bytes for ./DoraemonKit.bundle/doraemon_expand@3x.png
2019-07-24 13:57:14 +0000  copying file ./DoraemonKit.bundle/doraemon_qingchu@3x.png ... 
2019-07-24 13:57:14 +0000  2074 bytes for ./DoraemonKit.bundle/doraemon_qingchu@3x.png
2019-07-24 13:57:14 +0000  copying file ./DoraemonKit.bundle/doraemon_back@3x.png ... 
2019-07-24 13:57:14 +0000  992 bytes for ./DoraemonKit.bundle/doraemon_back@3x.png
2019-07-24 13:57:14 +0000  copying file ./DoraemonKit.bundle/doraemon_netflow_list_select@3x.png ... 
2019-07-24 13:57:14 +0000  1078 bytes for ./DoraemonKit.bundle/doraemon_netflow_list_select@3x.png
2019-07-24 13:57:14 +0000  copying file ./DoraemonKit.bundle/doraemon_netflow_list_select@2x.png ... 
2019-07-24 13:57:14 +0000  789 bytes for ./DoraemonKit.bundle/doraemon_netflow_list_select@2x.png
2019-07-24 13:57:14 +0000  copying file ./DoraemonKit.bundle/doraemon_qingchu@2x.png ... 
2019-07-24 13:57:14 +0000  1314 bytes for ./DoraemonKit.bundle/doraemon_qingchu@2x.png
2019-07-24 13:57:14 +0000  copying file ./DoraemonKit.bundle/doraemon_back@2x.png ... 
2019-07-24 13:57:14 +0000  731 bytes for ./DoraemonKit.bundle/doraemon_back@2x.png
2019-07-24 13:57:14 +0000  copying file ./DoraemonKit.bundle/doraemon_expand@2x.png ... 
2019-07-24 13:57:14 +0000  581 bytes for ./DoraemonKit.bundle/doraemon_expand@2x.png
2019-07-24 13:57:14 +0000  copying file ./DoraemonKit.bundle/doraemon_netflow_summary_select@3x.png ... 
2019-07-24 13:57:14 +0000  1324 bytes for ./DoraemonKit.bundle/doraemon_netflow_summary_select@3x.png
2019-07-24 13:57:14 +0000  copying file ./DoraemonKit.bundle/doraemon_nslog@3x.png ... 
2019-07-24 13:57:14 +0000  4533 bytes for ./DoraemonKit.bundle/doraemon_nslog@3x.png
2019-07-24 13:57:14 +0000  copying file ./DoraemonKit.bundle/doraemon_fps@2x.png ... 
2019-07-24 13:57:14 +0000  1704 bytes for ./DoraemonKit.bundle/doraemon_fps@2x.png
2019-07-24 13:57:14 +0000  copying file ./DoraemonKit.bundle/doraemon_search_highlight@2x.png ... 
2019-07-24 13:57:14 +0000  1529 bytes for ./DoraemonKit.bundle/doraemon_search_highlight@2x.png
2019-07-24 13:57:14 +0000  copying file ./DoraemonKit.bundle/doraemon_file_2@2x.png ... 
2019-07-24 13:57:14 +0000  887 bytes for ./DoraemonKit.bundle/doraemon_file_2@2x.png
2019-07-24 13:57:14 +0000  copying file ./DoraemonKit.bundle/doraemon_expand_no@3x.png ... 
2019-07-24 13:57:14 +0000  758 bytes for ./DoraemonKit.bundle/doraemon_expand_no@3x.png
2019-07-24 13:57:14 +0000  copying file ./DoraemonKit.bundle/doraemon_align@2x.png ... 
2019-07-24 13:57:14 +0000  394 bytes for ./DoraemonKit.bundle/doraemon_align@2x.png
2019-07-24 13:57:14 +0000  copying file ./DoraemonKit.bundle/doraemon_log@3x.png ... 
2019-07-24 13:57:14 +0000  996 bytes for ./DoraemonKit.bundle/doraemon_log@3x.png
2019-07-24 13:57:14 +0000  copying file ./DoraemonKit.bundle/doraemon_self@3x.png ... 
2019-07-24 13:57:14 +0000  4979 bytes for ./DoraemonKit.bundle/doraemon_self@3x.png
2019-07-24 13:57:14 +0000  copying file ./DoraemonKit.bundle/doraemon_straw@2x.png ... 
2019-07-24 13:57:14 +0000  1770 bytes for ./DoraemonKit.bundle/doraemon_straw@2x.png
2019-07-24 13:57:14 +0000  copying file ./DoraemonKit.bundle/doraemon_net@2x.png ... 
2019-07-24 13:57:14 +0000  2502 bytes for ./DoraemonKit.bundle/doraemon_net@2x.png
2019-07-24 13:57:14 +0000  copying file ./DoraemonKit.bundle/doraemon_h5@2x.png ... 
2019-07-24 13:57:14 +0000  2641 bytes for ./DoraemonKit.bundle/doraemon_h5@2x.png
2019-07-24 13:57:14 +0000  copying file ./DoraemonKit.bundle/doraemon_visual@3x.png ... 
2019-07-24 13:57:14 +0000  8119 bytes for ./DoraemonKit.bundle/doraemon_visual@3x.png
2019-07-24 13:57:14 +0000  copying file ./DoraemonKit.bundle/doraemon_ui@2x.png ... 
2019-07-24 13:57:14 +0000  2624 bytes for ./DoraemonKit.bundle/doraemon_ui@2x.png
2019-07-24 13:57:14 +0000  copying file ./DoraemonKit.bundle/doraemon_ui@3x.png ... 
2019-07-24 13:57:14 +0000  3790 bytes for ./DoraemonKit.bundle/doraemon_ui@3x.png
2019-07-24 13:57:14 +0000  copying file ./DoraemonKit.bundle/doraemon_visual@2x.png ... 
2019-07-24 13:57:14 +0000  4938 bytes for ./DoraemonKit.bundle/doraemon_visual@2x.png
2019-07-24 13:57:14 +0000  copying file ./DoraemonKit.bundle/doraemon_h5@3x.png ... 
2019-07-24 13:57:14 +0000  3627 bytes for ./DoraemonKit.bundle/doraemon_h5@3x.png
2019-07-24 13:57:14 +0000  copying file ./DoraemonKit.bundle/Info.plist ... 
2019-07-24 13:57:14 +0000  719 bytes for ./DoraemonKit.bundle/Info.plist
2019-07-24 13:57:14 +0000  copying file ./DoraemonKit.bundle/doraemon_net@3x.png ... 
2019-07-24 13:57:14 +0000  3563 bytes for ./DoraemonKit.bundle/doraemon_net@3x.png
2019-07-24 13:57:14 +0000  copying file ./DoraemonKit.bundle/doraemon_self@2x.png ... 
2019-07-24 13:57:14 +0000  3469 bytes for ./DoraemonKit.bundle/doraemon_self@2x.png
2019-07-24 13:57:14 +0000  copying file ./DoraemonKit.bundle/doraemon_straw@3x.png ... 
2019-07-24 13:57:14 +0000  2421 bytes for ./DoraemonKit.bundle/doraemon_straw@3x.png
2019-07-24 13:57:14 +0000  copying file ./DoraemonKit.bundle/doraemon_log@2x.png ... 
2019-07-24 13:57:14 +0000  696 bytes for ./DoraemonKit.bundle/doraemon_log@2x.png
2019-07-24 13:57:14 +0000  copying file ./xiala_2@2x.png ... 
2019-07-24 13:57:14 +0000  359 bytes for ./xiala_2@2x.png
2019-07-24 13:57:14 +0000  copying file ./iOSLearnListBundle.bundle/zh-Hans.lproj/wait.png ... 
2019-07-24 13:57:14 +0000  261818 bytes for ./iOSLearnListBundle.bundle/zh-Hans.lproj/wait.png
2019-07-24 13:57:14 +0000  copying file ./iOSLearnListBundle.bundle/en.lproj/wait.png ... 
2019-07-24 13:57:14 +0000  9007 bytes for ./iOSLearnListBundle.bundle/en.lproj/wait.png
2019-07-24 13:57:14 +0000  copying file ./iOSLearnListBundle.bundle/lion.png ... 
2019-07-24 13:57:14 +0000  11910 bytes for ./iOSLearnListBundle.bundle/lion.png
2019-07-24 13:57:14 +0000  copying file ./iOSLearnListBundle.bundle/general_top_icon_back_normal@2x.png ... 
2019-07-24 13:57:14 +0000  572 bytes for ./iOSLearnListBundle.bundle/general_top_icon_back_normal@2x.png
2019-07-24 13:57:14 +0000  copying file ./iOSLearnListBundle.bundle/weibo_touch@2x.png ... 
2019-07-24 13:57:14 +0000  1628 bytes for ./iOSLearnListBundle.bundle/weibo_touch@2x.png
2019-07-24 13:57:14 +0000  copying file ./iOSLearnListBundle.bundle/weibo@2x.png ... 
2019-07-24 13:57:14 +0000  1957 bytes for ./iOSLearnListBundle.bundle/weibo@2x.png
2019-07-24 13:57:14 +0000  copying file ./iOSLearnListBundle.bundle/Info.plist ... 
2019-07-24 13:57:14 +0000  936 bytes for ./iOSLearnListBundle.bundle/Info.plist
2019-07-24 13:57:14 +0000  copying file ./launch4@2x.png ... 
2019-07-24 13:57:14 +0000  917971 bytes for ./launch4@2x.png
2019-07-24 13:57:14 +0000  copying file ./embedded.mobileprovision ... 
2019-07-24 13:57:14 +0000  7672 bytes for ./embedded.mobileprovision
2019-07-24 13:57:14 +0000  copying file ./iOSLearnList ... 
2019-07-24 13:57:14 +0000  5315728 bytes for ./iOSLearnList
2019-07-24 13:57:14 +0000  copying file ./Info.plist ... 
2019-07-24 13:57:14 +0000  1532 bytes for ./Info.plist
copying file ./PkgInfo ... 
8 bytes for ./PkgInfo
2019-07-24 13:57:14 +0000  /usr/bin/ditto exited with 0
2019-07-24 13:57:14 +0000  Processing step: IDEDistributionEmbedProfileStep
2019-07-24 13:57:14 +0000  Processing step: IDEDistributionAppThinningPlistStep
2019-07-24 13:57:14 +0000  Skipping step: IDEDistributionAppThinningPlistStep because it said so
2019-07-24 13:57:14 +0000  Processing step: IDEDistributionCompileBitcodeStep
2019-07-24 13:57:14 +0000  Skipping step: IDEDistributionCompileBitcodeStep because it said so
2019-07-24 13:57:14 +0000  Processing step: IDEDistributionCodeSlimmingStep
2019-07-24 13:57:14 +0000  Processing step: IDEDistributionCopyBCSymbolMapsStep
2019-07-24 13:57:14 +0000  Skipping step: IDEDistributionCopyBCSymbolMapsStep because it said so
2019-07-24 13:57:14 +0000  Processing step: IDEDistributionSymbolsStep
2019-07-24 13:57:14 +0000  Skipping step: IDEDistributionSymbolsStep because it said so
2019-07-24 13:57:14 +0000  Processing step: IDEDistributionAppThinningStep
2019-07-24 13:57:14 +0000  Skipping step: IDEDistributionAppThinningStep because it said so
2019-07-24 13:57:14 +0000  Processing step: IDEDistributionArchThinningStep
2019-07-24 13:57:14 +0000  Running /Applications/Xcode.app/Contents/Developer/Toolchains/XcodeDefault.xctoolchain/usr/bin/lipo '/var/folders/9l/m5cvfnm95wb0nq8_nw6j3vhc0000gp/T/XcodeDistPipeline.5lx/Root/Payload/iOSLearnList.app/iOSLearnList' '-verify_arch' 'arm64e'
2019-07-24 13:57:14 +0000  /Applications/Xcode.app/Contents/Developer/Toolchains/XcodeDefault.xctoolchain/usr/bin/lipo exited with 1
2019-07-24 13:57:14 +0000  Skipping architecture thinning for item "iOSLearnList" because arch "arm64e" wasn't found
2019-07-24 13:57:14 +0000  Processing step: IDEDistributionODRStep
2019-07-24 13:57:14 +0000  Processing step: IDEDistributionStripXattrsStep
2019-07-24 13:57:14 +0000  Running /usr/bin/xattr '-crs' '/var/folders/9l/m5cvfnm95wb0nq8_nw6j3vhc0000gp/T/XcodeDistPipeline.5lx/Root/Payload/iOSLearnList.app'
2019-07-24 13:57:14 +0000  /usr/bin/xattr exited with 0
2019-07-24 13:57:14 +0000  Processing step: IDEDistributionCodesignStep
2019-07-24 13:57:14 +0000  Entitlements for <IDEDistributionItem: 0x7fa66106dae0 'hmw.vip.project.iOSLearnList' '<DVTFilePath:0x7fa63ea80500:'/Users/huangmingwei/Library/Developer/Xcode/Archives/2019-07-24/iOSLearnList 2019-7-24, 9.56 PM.xcarchive/Products/Applications/iOSLearnList.app'>'>: {
    "application-identifier" = "H79W6YY34M.hmw.vip.project.iOSLearnList";
    "com.apple.developer.team-identifier" = H79W6YY34M;
    "get-task-allow" = 1;
    "keychain-access-groups" =     (
        "H79W6YY34M.hmw.vip.project.iOSLearnList"
    );
}
2019-07-24 13:57:14 +0000  Writing entitlements for <IDEDistributionItem: 0x7fa66106dae0 'hmw.vip.project.iOSLearnList' '<DVTFilePath:0x7fa63ea80500:'/Users/huangmingwei/Library/Developer/Xcode/Archives/2019-07-24/iOSLearnList 2019-7-24, 9.56 PM.xcarchive/Products/Applications/iOSLearnList.app'>'> to: /var/folders/9l/m5cvfnm95wb0nq8_nw6j3vhc0000gp/T/XcodeDistPipeline.5lx/entitlementscubPRH
2019-07-24 13:57:14 +0000  Running /usr/bin/codesign '-vvv' '--force' '--sign' 'C8E31196CCF887DBBBBEB0D15359AF630F187E70' '--entitlements' '/var/folders/9l/m5cvfnm95wb0nq8_nw6j3vhc0000gp/T/XcodeDistPipeline.5lx/entitlementscubPRH' '--preserve-metadata=identifier,flags,runtime' '/var/folders/9l/m5cvfnm95wb0nq8_nw6j3vhc0000gp/T/XcodeDistPipeline.5lx/Root/Payload/iOSLearnList.app'
2019-07-24 13:57:15 +0000  /var/folders/9l/m5cvfnm95wb0nq8_nw6j3vhc0000gp/T/XcodeDistPipeline.5lx/Root/Payload/iOSLearnList.app: replacing existing signature
2019-07-24 13:57:15 +0000  /var/folders/9l/m5cvfnm95wb0nq8_nw6j3vhc0000gp/T/XcodeDistPipeline.5lx/Root/Payload/iOSLearnList.app: signed app bundle with Mach-O universal (armv7 arm64) [hmw.vip.project.iOSLearnList]
2019-07-24 13:57:15 +0000  /usr/bin/codesign exited with 0
2019-07-24 13:57:15 +0000  Processing step: IDEDistributionZipODRItemStep
2019-07-24 13:57:15 +0000  Skipping step: IDEDistributionZipODRItemStep because it said so
2019-07-24 13:57:15 +0000  Processing step: IDEDistributionCreateIPAStep
2019-07-24 13:57:15 +0000  Running /usr/bin/ditto '-V' '-c' '-k' '--norsrc' '/var/folders/9l/m5cvfnm95wb0nq8_nw6j3vhc0000gp/T/XcodeDistPipeline.5lx/Root' '/var/folders/9l/m5cvfnm95wb0nq8_nw6j3vhc0000gp/T/XcodeDistPipeline.5lx/Packages/iOSLearnList.ipa'
2019-07-24 13:57:15 +0000  >>> Copying /var/folders/9l/m5cvfnm95wb0nq8_nw6j3vhc0000gp/T/XcodeDistPipeline.5lx/Root 
2019-07-24 13:57:15 +0000  copying file ./Payload/iOSLearnList.app/_CodeSignature/CodeResources ... 
2019-07-24 13:57:15 +0000  43178 bytes for ./Payload/iOSLearnList.app/_CodeSignature/CodeResources
2019-07-24 13:57:15 +0000  copying file ./Payload/iOSLearnList.app/zh-Hans.lproj/LaunchScreen.strings ... 
1 bytes for ./Payload/iOSLearnList.app/zh-Hans.lproj/LaunchScreen.strings
2019-07-24 13:57:15 +0000  copying file ./Payload/iOSLearnList.app/zh-Hans.lproj/Main.strings ... 
1 bytes for ./Payload/iOSLearnList.app/zh-Hans.lproj/Main.strings
2019-07-24 13:57:15 +0000  copying file ./Payload/iOSLearnList.app/zh-Hans.lproj/Localizable.strings ... 
2019-07-24 13:57:15 +0000  60 bytes for ./Payload/iOSLearnList.app/zh-Hans.lproj/Localizable.strings
copying file ./Payload/iOSLearnList.app/zh-Hans.lproj/InfoPlist.strings ... 
2019-07-24 13:57:15 +0000  101 bytes for ./Payload/iOSLearnList.app/zh-Hans.lproj/InfoPlist.strings
copying file ./Payload/iOSLearnList.app/zh-Hans.lproj/myLanguage.strings ... 
2019-07-24 13:57:15 +0000  120 bytes for ./Payload/iOSLearnList.app/zh-Hans.lproj/myLanguage.strings
2019-07-24 13:57:15 +0000  copying file ./Payload/iOSLearnList.app/en.lproj/Localizable.strings ... 
2019-07-24 13:57:15 +0000  42 bytes for ./Payload/iOSLearnList.app/en.lproj/Localizable.strings
2019-07-24 13:57:15 +0000  copying file ./Payload/iOSLearnList.app/en.lproj/InfoPlist.strings ... 
100 bytes for ./Payload/iOSLearnList.app/en.lproj/InfoPlist.strings
2019-07-24 13:57:15 +0000  copying file ./Payload/iOSLearnList.app/en.lproj/myLanguage.strings ... 
2019-07-24 13:57:15 +0000  42 bytes for ./Payload/iOSLearnList.app/en.lproj/myLanguage.strings
copying file ./Payload/iOSLearnList.app/ArchiverViewController.nib ... 
2019-07-24 13:57:15 +0000  3998 bytes for ./Payload/iOSLearnList.app/ArchiverViewController.nib
2019-07-24 13:57:15 +0000  copying file ./Payload/iOSLearnList.app/lanch5@2x.png ... 
2019-07-24 13:57:15 +0000  819132 bytes for ./Payload/iOSLearnList.app/lanch5@2x.png
2019-07-24 13:57:15 +0000  copying file ./Payload/iOSLearnList.app/MJRefresh.bundle/zh-Hans.lproj/Localizable.strings ... 
2019-07-24 13:57:15 +0000  1194 bytes for ./Payload/iOSLearnList.app/MJRefresh.bundle/zh-Hans.lproj/Localizable.strings
2019-07-24 13:57:15 +0000  copying file ./Payload/iOSLearnList.app/MJRefresh.bundle/en.lproj/Localizable.strings ... 
2019-07-24 13:57:15 +0000  1372 bytes for ./Payload/iOSLearnList.app/MJRefresh.bundle/en.lproj/Localizable.strings
2019-07-24 13:57:15 +0000  copying file ./Payload/iOSLearnList.app/MJRefresh.bundle/arrow@2x.png ... 
2019-07-24 13:57:15 +0000  1033 bytes for ./Payload/iOSLearnList.app/MJRefresh.bundle/arrow@2x.png
2019-07-24 13:57:15 +0000  copying file ./Payload/iOSLearnList.app/MJRefresh.bundle/zh-Hant.lproj/Localizable.strings ... 
2019-07-24 13:57:15 +0000  773 bytes for ./Payload/iOSLearnList.app/MJRefresh.bundle/zh-Hant.lproj/Localizable.strings
2019-07-24 13:57:15 +0000  copying file ./Payload/iOSLearnList.app/AppIcon60x60@2x.png ... 
2019-07-24 13:57:15 +0000  35388 bytes for ./Payload/iOSLearnList.app/AppIcon60x60@2x.png
2019-07-24 13:57:15 +0000  copying file ./Payload/iOSLearnList.app/AppIcon29x29@2x.png ... 
2019-07-24 13:57:15 +0000  10392 bytes for ./Payload/iOSLearnList.app/AppIcon29x29@2x.png
2019-07-24 13:57:15 +0000  copying file ./Payload/iOSLearnList.app/caLayerViewController.nib ... 
2019-07-24 13:57:15 +0000  4676 bytes for ./Payload/iOSLearnList.app/caLayerViewController.nib
2019-07-24 13:57:15 +0000  copying file ./Payload/iOSLearnList.app/AppIcon40x40@3x.png ... 
2019-07-24 13:57:15 +0000  35388 bytes for ./Payload/iOSLearnList.app/AppIcon40x40@3x.png
2019-07-24 13:57:15 +0000  copying file ./Payload/iOSLearnList.app/Configuration.plist ... 
413 bytes for ./Payload/iOSLearnList.app/Configuration.plist
copying file ./Payload/iOSLearnList.app/AppIcon40x40@2x.png ... 
2019-07-24 13:57:15 +0000  17499 bytes for ./Payload/iOSLearnList.app/AppIcon40x40@2x.png
2019-07-24 13:57:15 +0000  copying file ./Payload/iOSLearnList.app/AppIcon29x29@3x.png ... 
2019-07-24 13:57:15 +0000  20197 bytes for ./Payload/iOSLearnList.app/AppIcon29x29@3x.png
2019-07-24 13:57:15 +0000  copying file ./Payload/iOSLearnList.app/AppIcon60x60@3x.png ... 
2019-07-24 13:57:15 +0000  73956 bytes for ./Payload/iOSLearnList.app/AppIcon60x60@3x.png
2019-07-24 13:57:15 +0000  copying file ./Payload/iOSLearnList.app/Base.lproj/Main.storyboardc/BYZ-38-t0r-view-8bC-Xf-vdC.nib ... 
2019-07-24 13:57:15 +0000  1790 bytes for ./Payload/iOSLearnList.app/Base.lproj/Main.storyboardc/BYZ-38-t0r-view-8bC-Xf-vdC.nib
2019-07-24 13:57:15 +0000  copying file ./Payload/iOSLearnList.app/Base.lproj/Main.storyboardc/UINavigationController-DDG-o5-PfR.nib ... 
2019-07-24 13:57:15 +0000  1559 bytes for ./Payload/iOSLearnList.app/Base.lproj/Main.storyboardc/UINavigationController-DDG-o5-PfR.nib
2019-07-24 13:57:15 +0000  copying file ./Payload/iOSLearnList.app/Base.lproj/Main.storyboardc/Info.plist ... 
2019-07-24 13:57:15 +0000  276 bytes for ./Payload/iOSLearnList.app/Base.lproj/Main.storyboardc/Info.plist
2019-07-24 13:57:15 +0000  copying file ./Payload/iOSLearnList.app/Base.lproj/LaunchScreen.storyboardc/01J-lp-oVM-view-Ze5-6b-2t3.nib ... 
2019-07-24 13:57:15 +0000  2261 bytes for ./Payload/iOSLearnList.app/Base.lproj/LaunchScreen.storyboardc/01J-lp-oVM-view-Ze5-6b-2t3.nib
2019-07-24 13:57:15 +0000  copying file ./Payload/iOSLearnList.app/Base.lproj/LaunchScreen.storyboardc/UIViewController-01J-lp-oVM.nib ... 
2019-07-24 13:57:15 +0000  832 bytes for ./Payload/iOSLearnList.app/Base.lproj/LaunchScreen.storyboardc/UIViewController-01J-lp-oVM.nib
copying file ./Payload/iOSLearnList.app/Base.lproj/LaunchScreen.storyboardc/Info.plist ... 
2019-07-24 13:57:15 +0000  258 bytes for ./Payload/iOSLearnList.app/Base.lproj/LaunchScreen.storyboardc/Info.plist
2019-07-24 13:57:15 +0000  copying file ./Payload/iOSLearnList.app/data.json ... 
2019-07-24 13:57:15 +0000  9089 bytes for ./Payload/iOSLearnList.app/data.json
2019-07-24 13:57:15 +0000  copying file ./Payload/iOSLearnList.app/Assets.car ... 
2019-07-24 13:57:15 +0000  262888 bytes for ./Payload/iOSLearnList.app/Assets.car
2019-07-24 13:57:15 +0000  copying file ./Payload/iOSLearnList.app/autolayoutCell.nib ... 
2019-07-24 13:57:15 +0000  3294 bytes for ./Payload/iOSLearnList.app/autolayoutCell.nib
copying file ./Payload/iOSLearnList.app/DoraemonKit.bundle/doraemon_mock_gps@2x.png ... 
2019-07-24 13:57:15 +0000  2646 bytes for ./Payload/iOSLearnList.app/DoraemonKit.bundle/doraemon_mock_gps@2x.png
copying file ./Payload/iOSLearnList.app/DoraemonKit.bundle/doraemon_more@2x.png ... 
2019-07-24 13:57:15 +0000  512 bytes for ./Payload/iOSLearnList.app/DoraemonKit.bundle/doraemon_more@2x.png
copying file ./Payload/iOSLearnList.app/DoraemonKit.bundle/zh-Hans.lproj/Doraemon.strings ... 
2019-07-24 13:57:15 +0000  2505 bytes for ./Payload/iOSLearnList.app/DoraemonKit.bundle/zh-Hans.lproj/Doraemon.strings
2019-07-24 13:57:15 +0000  copying file ./Payload/iOSLearnList.app/DoraemonKit.bundle/doraemon_crash@2x.png ... 
2019-07-24 13:57:15 +0000  2399 bytes for ./Payload/iOSLearnList.app/DoraemonKit.bundle/doraemon_crash@2x.png
2019-07-24 13:57:15 +0000  copying file ./Payload/iOSLearnList.app/DoraemonKit.bundle/doraemon_memory@3x.png ... 
2019-07-24 13:57:15 +0000  1400 bytes for ./Payload/iOSLearnList.app/DoraemonKit.bundle/doraemon_memory@3x.png
2019-07-24 13:57:15 +0000  copying file ./Payload/iOSLearnList.app/DoraemonKit.bundle/doraemon_app_info@3x.png ... 
2019-07-24 13:57:15 +0000  1197 bytes for ./Payload/iOSLearnList.app/DoraemonKit.bundle/doraemon_app_info@3x.png
2019-07-24 13:57:15 +0000  copying file ./Payload/iOSLearnList.app/DoraemonKit.bundle/doraemon_kadun@3x.png ... 
2019-07-24 13:57:15 +0000  1831 bytes for ./Payload/iOSLearnList.app/DoraemonKit.bundle/doraemon_kadun@3x.png
2019-07-24 13:57:15 +0000  copying file ./Payload/iOSLearnList.app/DoraemonKit.bundle/doraemon_logo@2x.png ... 
2019-07-24 13:57:15 +0000  7916 bytes for ./Payload/iOSLearnList.app/DoraemonKit.bundle/doraemon_logo@2x.png
copying file ./Payload/iOSLearnList.app/DoraemonKit.bundle/doraemon_location@2x.png ... 
2019-07-24 13:57:15 +0000  1518 bytes for ./Payload/iOSLearnList.app/DoraemonKit.bundle/doraemon_location@2x.png
2019-07-24 13:57:15 +0000  copying file ./Payload/iOSLearnList.app/DoraemonKit.bundle/doraemon_netflow_list_unselect@2x.png ... 
2019-07-24 13:57:15 +0000  819 bytes for ./Payload/iOSLearnList.app/DoraemonKit.bundle/doraemon_netflow_list_unselect@2x.png
2019-07-24 13:57:15 +0000  copying file ./Payload/iOSLearnList.app/DoraemonKit.bundle/en.lproj/Doraemon.strings ... 
2019-07-24 13:57:15 +0000  5038 bytes for ./Payload/iOSLearnList.app/DoraemonKit.bundle/en.lproj/Doraemon.strings
2019-07-24 13:57:15 +0000  copying file ./Payload/iOSLearnList.app/DoraemonKit.bundle/doraemon_file@3x.png ... 
2019-07-24 13:57:15 +0000  1479 bytes for ./Payload/iOSLearnList.app/DoraemonKit.bundle/doraemon_file@3x.png
2019-07-24 13:57:15 +0000  copying file ./Payload/iOSLearnList.app/DoraemonKit.bundle/doraemon_default@3x.png ... 
2019-07-24 13:57:15 +0000  4648 bytes for ./Payload/iOSLearnList.app/DoraemonKit.bundle/doraemon_default@3x.png
2019-07-24 13:57:15 +0000  copying file ./Payload/iOSLearnList.app/DoraemonKit.bundle/doraemon_cpu@3x.png ... 
2019-07-24 13:57:15 +0000  1643 bytes for ./Payload/iOSLearnList.app/DoraemonKit.bundle/doraemon_cpu@3x.png
2019-07-24 13:57:15 +0000  copying file ./Payload/iOSLearnList.app/DoraemonKit.bundle/doraemon_view_check@2x.png ... 
2019-07-24 13:57:15 +0000  2163 bytes for ./Payload/iOSLearnList.app/DoraemonKit.bundle/doraemon_view_check@2x.png
2019-07-24 13:57:15 +0000  copying file ./Payload/iOSLearnList.app/DoraemonKit.bundle/doraemon_view_check@3x.png ... 
2019-07-24 13:57:15 +0000  3008 bytes for ./Payload/iOSLearnList.app/DoraemonKit.bundle/doraemon_view_check@3x.png
2019-07-24 13:57:15 +0000  copying file ./Payload/iOSLearnList.app/DoraemonKit.bundle/doraemon_cpu@2x.png ... 
2019-07-24 13:57:15 +0000  923 bytes for ./Payload/iOSLearnList.app/DoraemonKit.bundle/doraemon_cpu@2x.png
2019-07-24 13:57:15 +0000  copying file ./Payload/iOSLearnList.app/DoraemonKit.bundle/doraemon_file@2x.png ... 
2019-07-24 13:57:15 +0000  963 bytes for ./Payload/iOSLearnList.app/DoraemonKit.bundle/doraemon_file@2x.png
2019-07-24 13:57:15 +0000  copying file ./Payload/iOSLearnList.app/DoraemonKit.bundle/doraemon_default@2x.png ... 
2019-07-24 13:57:15 +0000  2993 bytes for ./Payload/iOSLearnList.app/DoraemonKit.bundle/doraemon_default@2x.png
2019-07-24 13:57:15 +0000  copying file ./Payload/iOSLearnList.app/DoraemonKit.bundle/doraemon_logo@3x.png ... 
2019-07-24 13:57:15 +0000  12599 bytes for ./Payload/iOSLearnList.app/DoraemonKit.bundle/doraemon_logo@3x.png
2019-07-24 13:57:15 +0000  copying file ./Payload/iOSLearnList.app/DoraemonKit.bundle/doraemon_location@3x.png ... 
2019-07-24 13:57:15 +0000  2175 bytes for ./Payload/iOSLearnList.app/DoraemonKit.bundle/doraemon_location@3x.png
2019-07-24 13:57:15 +0000  copying file ./Payload/iOSLearnList.app/DoraemonKit.bundle/doraemon_netflow_list_unselect@3x.png ... 
2019-07-24 13:57:15 +0000  1119 bytes for ./Payload/iOSLearnList.app/DoraemonKit.bundle/doraemon_netflow_list_unselect@3x.png
copying file ./Payload/iOSLearnList.app/DoraemonKit.bundle/doraemon_kadun@2x.png ... 
2019-07-24 13:57:15 +0000  1205 bytes for ./Payload/iOSLearnList.app/DoraemonKit.bundle/doraemon_kadun@2x.png
2019-07-24 13:57:15 +0000  copying file ./Payload/iOSLearnList.app/DoraemonKit.bundle/doraemon_app_info@2x.png ... 
2019-07-24 13:57:15 +0000  816 bytes for ./Payload/iOSLearnList.app/DoraemonKit.bundle/doraemon_app_info@2x.png
copying file ./Payload/iOSLearnList.app/DoraemonKit.bundle/doraemon_memory@2x.png ... 
2019-07-24 13:57:15 +0000  912 bytes for ./Payload/iOSLearnList.app/DoraemonKit.bundle/doraemon_memory@2x.png
2019-07-24 13:57:15 +0000  copying file ./Payload/iOSLearnList.app/DoraemonKit.bundle/doraemon_crash@3x.png ... 
2019-07-24 13:57:15 +0000  3237 bytes for ./Payload/iOSLearnList.app/DoraemonKit.bundle/doraemon_crash@3x.png
2019-07-24 13:57:15 +0000  copying file ./Payload/iOSLearnList.app/DoraemonKit.bundle/doraemon_mock_gps@3x.png ... 
2019-07-24 13:57:15 +0000  3713 bytes for ./Payload/iOSLearnList.app/DoraemonKit.bundle/doraemon_mock_gps@3x.png
2019-07-24 13:57:15 +0000  copying file ./Payload/iOSLearnList.app/DoraemonKit.bundle/doraemon_more@3x.png ... 
2019-07-24 13:57:15 +0000  736 bytes for ./Payload/iOSLearnList.app/DoraemonKit.bundle/doraemon_more@3x.png
2019-07-24 13:57:15 +0000  copying file ./Payload/iOSLearnList.app/DoraemonKit.bundle/doraemon_close_white@3x.png ... 
2019-07-24 13:57:15 +0000  384 bytes for ./Payload/iOSLearnList.app/DoraemonKit.bundle/doraemon_close_white@3x.png
2019-07-24 13:57:15 +0000  copying file ./Payload/iOSLearnList.app/DoraemonKit.bundle/doraemon_arrow_down@3x.png ... 
2019-07-24 13:57:15 +0000  989 bytes for ./Payload/iOSLearnList.app/DoraemonKit.bundle/doraemon_arrow_down@3x.png
copying file ./Payload/iOSLearnList.app/DoraemonKit.bundle/doraemon_dir@3x.png ... 
2019-07-24 13:57:15 +0000  1041 bytes for ./Payload/iOSLearnList.app/DoraemonKit.bundle/doraemon_dir@3x.png
2019-07-24 13:57:15 +0000  copying file ./Payload/iOSLearnList.app/DoraemonKit.bundle/doraemon_search@3x.png ... 
2019-07-24 13:57:15 +0000  1803 bytes for ./Payload/iOSLearnList.app/DoraemonKit.bundle/doraemon_search@3x.png
2019-07-24 13:57:15 +0000  copying file ./Payload/iOSLearnList.app/DoraemonKit.bundle/doraemon_netflow_summary_unselect@3x.png ... 
2019-07-24 13:57:15 +0000  1534 bytes for ./Payload/iOSLearnList.app/DoraemonKit.bundle/doraemon_netflow_summary_unselect@3x.png
copying file ./Payload/iOSLearnList.app/DoraemonKit.bundle/doraemon_close@3x.png ... 
2019-07-24 13:57:15 +0000  2791 bytes for ./Payload/iOSLearnList.app/DoraemonKit.bundle/doraemon_close@3x.png
2019-07-24 13:57:15 +0000  copying file ./Payload/iOSLearnList.app/DoraemonKit.bundle/doraemon_close@2x.png ... 
2019-07-24 13:57:15 +0000  1857 bytes for ./Payload/iOSLearnList.app/DoraemonKit.bundle/doraemon_close@2x.png
2019-07-24 13:57:15 +0000  copying file ./Payload/iOSLearnList.app/DoraemonKit.bundle/doraemon_netflow_summary_unselect@2x.png ... 
2019-07-24 13:57:15 +0000  1269 bytes for ./Payload/iOSLearnList.app/DoraemonKit.bundle/doraemon_netflow_summary_unselect@2x.png
copying file ./Payload/iOSLearnList.app/DoraemonKit.bundle/doraemon_search@2x.png ... 
2019-07-24 13:57:15 +0000  1286 bytes for ./Payload/iOSLearnList.app/DoraemonKit.bundle/doraemon_search@2x.png
2019-07-24 13:57:15 +0000  copying file ./Payload/iOSLearnList.app/DoraemonKit.bundle/doraemon_dir@2x.png ... 
2019-07-24 13:57:15 +0000  616 bytes for ./Payload/iOSLearnList.app/DoraemonKit.bundle/doraemon_dir@2x.png
2019-07-24 13:57:15 +0000  copying file ./Payload/iOSLearnList.app/DoraemonKit.bundle/doraemon_arrow_down@2x.png ... 
2019-07-24 13:57:15 +0000  663 bytes for ./Payload/iOSLearnList.app/DoraemonKit.bundle/doraemon_arrow_down@2x.png
2019-07-24 13:57:15 +0000  copying file ./Payload/iOSLearnList.app/DoraemonKit.bundle/doraemon_close_white@2x.png ... 
2019-07-24 13:57:15 +0000  312 bytes for ./Payload/iOSLearnList.app/DoraemonKit.bundle/doraemon_close_white@2x.png
copying file ./Payload/iOSLearnList.app/DoraemonKit.bundle/doraemon_align@3x.png ... 
2019-07-24 13:57:15 +0000  596 bytes for ./Payload/iOSLearnList.app/DoraemonKit.bundle/doraemon_align@3x.png
2019-07-24 13:57:15 +0000  copying file ./Payload/iOSLearnList.app/DoraemonKit.bundle/doraemon_expand_no@2x.png ... 
2019-07-24 13:57:15 +0000  572 bytes for ./Payload/iOSLearnList.app/DoraemonKit.bundle/doraemon_expand_no@2x.png
copying file ./Payload/iOSLearnList.app/DoraemonKit.bundle/doraemon_file_2@3x.png ... 
2019-07-24 13:57:15 +0000  1291 bytes for ./Payload/iOSLearnList.app/DoraemonKit.bundle/doraemon_file_2@3x.png
2019-07-24 13:57:15 +0000  copying file ./Payload/iOSLearnList.app/DoraemonKit.bundle/doraemon_search_highlight@3x.png ... 
2019-07-24 13:57:15 +0000  2193 bytes for ./Payload/iOSLearnList.app/DoraemonKit.bundle/doraemon_search_highlight@3x.png
2019-07-24 13:57:15 +0000  copying file ./Payload/iOSLearnList.app/DoraemonKit.bundle/doraemon_fps@3x.png ... 
2019-07-24 13:57:15 +0000  2358 bytes for ./Payload/iOSLearnList.app/DoraemonKit.bundle/doraemon_fps@3x.png
2019-07-24 13:57:15 +0000  copying file ./Payload/iOSLearnList.app/DoraemonKit.bundle/doraemon_netflow_summary_select@2x.png ... 
2019-07-24 13:57:15 +0000  1054 bytes for ./Payload/iOSLearnList.app/DoraemonKit.bundle/doraemon_netflow_summary_select@2x.png
2019-07-24 13:57:15 +0000  copying file ./Payload/iOSLearnList.app/DoraemonKit.bundle/doraemon_nslog@2x.png ... 
2019-07-24 13:57:15 +0000  3063 bytes for ./Payload/iOSLearnList.app/DoraemonKit.bundle/doraemon_nslog@2x.png
2019-07-24 13:57:15 +0000  copying file ./Payload/iOSLearnList.app/DoraemonKit.bundle/doraemon_expand@3x.png ... 
751 bytes for ./Payload/iOSLearnList.app/DoraemonKit.bundle/doraemon_expand@3x.png
copying file ./Payload/iOSLearnList.app/DoraemonKit.bundle/doraemon_qingchu@3x.png ... 
2074 bytes for ./Payload/iOSLearnList.app/DoraemonKit.bundle/doraemon_qingchu@3x.png
copying file ./Payload/iOSLearnList.app/DoraemonKit.bundle/doraemon_back@3x.png ... 
992 bytes for ./Payload/iOSLearnList.app/DoraemonKit.bundle/doraemon_back@3x.png
copying file ./Payload/iOSLearnList.app/DoraemonKit.bundle/doraemon_netflow_list_select@3x.png ... 
2019-07-24 13:57:15 +0000  1078 bytes for ./Payload/iOSLearnList.app/DoraemonKit.bundle/doraemon_netflow_list_select@3x.png
copying file ./Payload/iOSLearnList.app/DoraemonKit.bundle/doraemon_netflow_list_select@2x.png ... 
2019-07-24 13:57:15 +0000  789 bytes for ./Payload/iOSLearnList.app/DoraemonKit.bundle/doraemon_netflow_list_select@2x.png
copying file ./Payload/iOSLearnList.app/DoraemonKit.bundle/doraemon_qingchu@2x.png ... 
2019-07-24 13:57:15 +0000  1314 bytes for ./Payload/iOSLearnList.app/DoraemonKit.bundle/doraemon_qingchu@2x.png
2019-07-24 13:57:15 +0000  copying file ./Payload/iOSLearnList.app/DoraemonKit.bundle/doraemon_back@2x.png ... 
2019-07-24 13:57:15 +0000  731 bytes for ./Payload/iOSLearnList.app/DoraemonKit.bundle/doraemon_back@2x.png
2019-07-24 13:57:15 +0000  copying file ./Payload/iOSLearnList.app/DoraemonKit.bundle/doraemon_expand@2x.png ... 
2019-07-24 13:57:15 +0000  581 bytes for ./Payload/iOSLearnList.app/DoraemonKit.bundle/doraemon_expand@2x.png
copying file ./Payload/iOSLearnList.app/DoraemonKit.bundle/doraemon_netflow_summary_select@3x.png ... 
2019-07-24 13:57:15 +0000  1324 bytes for ./Payload/iOSLearnList.app/DoraemonKit.bundle/doraemon_netflow_summary_select@3x.png
2019-07-24 13:57:15 +0000  copying file ./Payload/iOSLearnList.app/DoraemonKit.bundle/doraemon_nslog@3x.png ... 
2019-07-24 13:57:15 +0000  4533 bytes for ./Payload/iOSLearnList.app/DoraemonKit.bundle/doraemon_nslog@3x.png
2019-07-24 13:57:15 +0000  copying file ./Payload/iOSLearnList.app/DoraemonKit.bundle/doraemon_fps@2x.png ... 
2019-07-24 13:57:15 +0000  1704 bytes for ./Payload/iOSLearnList.app/DoraemonKit.bundle/doraemon_fps@2x.png
2019-07-24 13:57:15 +0000  copying file ./Payload/iOSLearnList.app/DoraemonKit.bundle/doraemon_search_highlight@2x.png ... 
2019-07-24 13:57:15 +0000  1529 bytes for ./Payload/iOSLearnList.app/DoraemonKit.bundle/doraemon_search_highlight@2x.png
2019-07-24 13:57:15 +0000  copying file ./Payload/iOSLearnList.app/DoraemonKit.bundle/doraemon_file_2@2x.png ... 
2019-07-24 13:57:15 +0000  887 bytes for ./Payload/iOSLearnList.app/DoraemonKit.bundle/doraemon_file_2@2x.png
copying file ./Payload/iOSLearnList.app/DoraemonKit.bundle/doraemon_expand_no@3x.png ... 
2019-07-24 13:57:15 +0000  758 bytes for ./Payload/iOSLearnList.app/DoraemonKit.bundle/doraemon_expand_no@3x.png
2019-07-24 13:57:15 +0000  copying file ./Payload/iOSLearnList.app/DoraemonKit.bundle/doraemon_align@2x.png ... 
2019-07-24 13:57:15 +0000  394 bytes for ./Payload/iOSLearnList.app/DoraemonKit.bundle/doraemon_align@2x.png
2019-07-24 13:57:15 +0000  copying file ./Payload/iOSLearnList.app/DoraemonKit.bundle/doraemon_log@3x.png ... 
2019-07-24 13:57:15 +0000  996 bytes for ./Payload/iOSLearnList.app/DoraemonKit.bundle/doraemon_log@3x.png
copying file ./Payload/iOSLearnList.app/DoraemonKit.bundle/doraemon_self@3x.png ... 
2019-07-24 13:57:15 +0000  4979 bytes for ./Payload/iOSLearnList.app/DoraemonKit.bundle/doraemon_self@3x.png
2019-07-24 13:57:15 +0000  copying file ./Payload/iOSLearnList.app/DoraemonKit.bundle/doraemon_straw@2x.png ... 
2019-07-24 13:57:15 +0000  1770 bytes for ./Payload/iOSLearnList.app/DoraemonKit.bundle/doraemon_straw@2x.png
copying file ./Payload/iOSLearnList.app/DoraemonKit.bundle/doraemon_net@2x.png ... 
2019-07-24 13:57:15 +0000  2502 bytes for ./Payload/iOSLearnList.app/DoraemonKit.bundle/doraemon_net@2x.png
2019-07-24 13:57:15 +0000  copying file ./Payload/iOSLearnList.app/DoraemonKit.bundle/doraemon_h5@2x.png ... 
2019-07-24 13:57:15 +0000  2641 bytes for ./Payload/iOSLearnList.app/DoraemonKit.bundle/doraemon_h5@2x.png
2019-07-24 13:57:15 +0000  copying file ./Payload/iOSLearnList.app/DoraemonKit.bundle/doraemon_visual@3x.png ... 
2019-07-24 13:57:15 +0000  8119 bytes for ./Payload/iOSLearnList.app/DoraemonKit.bundle/doraemon_visual@3x.png
2019-07-24 13:57:15 +0000  copying file ./Payload/iOSLearnList.app/DoraemonKit.bundle/doraemon_ui@2x.png ... 
2019-07-24 13:57:15 +0000  2624 bytes for ./Payload/iOSLearnList.app/DoraemonKit.bundle/doraemon_ui@2x.png
2019-07-24 13:57:15 +0000  copying file ./Payload/iOSLearnList.app/DoraemonKit.bundle/doraemon_ui@3x.png ... 
2019-07-24 13:57:15 +0000  3790 bytes for ./Payload/iOSLearnList.app/DoraemonKit.bundle/doraemon_ui@3x.png
2019-07-24 13:57:15 +0000  copying file ./Payload/iOSLearnList.app/DoraemonKit.bundle/doraemon_visual@2x.png ... 
2019-07-24 13:57:15 +0000  4938 bytes for ./Payload/iOSLearnList.app/DoraemonKit.bundle/doraemon_visual@2x.png
2019-07-24 13:57:15 +0000  copying file ./Payload/iOSLearnList.app/DoraemonKit.bundle/doraemon_h5@3x.png ... 
2019-07-24 13:57:15 +0000  3627 bytes for ./Payload/iOSLearnList.app/DoraemonKit.bundle/doraemon_h5@3x.png
2019-07-24 13:57:15 +0000  copying file ./Payload/iOSLearnList.app/DoraemonKit.bundle/Info.plist ... 
2019-07-24 13:57:15 +0000  719 bytes for ./Payload/iOSLearnList.app/DoraemonKit.bundle/Info.plist
2019-07-24 13:57:15 +0000  copying file ./Payload/iOSLearnList.app/DoraemonKit.bundle/doraemon_net@3x.png ... 
2019-07-24 13:57:15 +0000  3563 bytes for ./Payload/iOSLearnList.app/DoraemonKit.bundle/doraemon_net@3x.png
2019-07-24 13:57:15 +0000  copying file ./Payload/iOSLearnList.app/DoraemonKit.bundle/doraemon_self@2x.png ... 
2019-07-24 13:57:15 +0000  3469 bytes for ./Payload/iOSLearnList.app/DoraemonKit.bundle/doraemon_self@2x.png
2019-07-24 13:57:15 +0000  copying file ./Payload/iOSLearnList.app/DoraemonKit.bundle/doraemon_straw@3x.png ... 
2019-07-24 13:57:15 +0000  2421 bytes for ./Payload/iOSLearnList.app/DoraemonKit.bundle/doraemon_straw@3x.png
2019-07-24 13:57:15 +0000  copying file ./Payload/iOSLearnList.app/DoraemonKit.bundle/doraemon_log@2x.png ... 
2019-07-24 13:57:15 +0000  696 bytes for ./Payload/iOSLearnList.app/DoraemonKit.bundle/doraemon_log@2x.png
2019-07-24 13:57:15 +0000  copying file ./Payload/iOSLearnList.app/xiala_2@2x.png ... 
2019-07-24 13:57:15 +0000  359 bytes for ./Payload/iOSLearnList.app/xiala_2@2x.png
2019-07-24 13:57:15 +0000  copying file ./Payload/iOSLearnList.app/iOSLearnListBundle.bundle/zh-Hans.lproj/wait.png ... 
2019-07-24 13:57:15 +0000  261818 bytes for ./Payload/iOSLearnList.app/iOSLearnListBundle.bundle/zh-Hans.lproj/wait.png
2019-07-24 13:57:15 +0000  copying file ./Payload/iOSLearnList.app/iOSLearnListBundle.bundle/en.lproj/wait.png ... 
2019-07-24 13:57:15 +0000  9007 bytes for ./Payload/iOSLearnList.app/iOSLearnListBundle.bundle/en.lproj/wait.png
2019-07-24 13:57:15 +0000  copying file ./Payload/iOSLearnList.app/iOSLearnListBundle.bundle/lion.png ... 
2019-07-24 13:57:15 +0000  11910 bytes for ./Payload/iOSLearnList.app/iOSLearnListBundle.bundle/lion.png
2019-07-24 13:57:15 +0000  copying file ./Payload/iOSLearnList.app/iOSLearnListBundle.bundle/general_top_icon_back_normal@2x.png ... 
2019-07-24 13:57:15 +0000  572 bytes for ./Payload/iOSLearnList.app/iOSLearnListBundle.bundle/general_top_icon_back_normal@2x.png
copying file ./Payload/iOSLearnList.app/iOSLearnListBundle.bundle/weibo_touch@2x.png ... 
2019-07-24 13:57:15 +0000  1628 bytes for ./Payload/iOSLearnList.app/iOSLearnListBundle.bundle/weibo_touch@2x.png
copying file ./Payload/iOSLearnList.app/iOSLearnListBundle.bundle/weibo@2x.png ... 
2019-07-24 13:57:15 +0000  1957 bytes for ./Payload/iOSLearnList.app/iOSLearnListBundle.bundle/weibo@2x.png
2019-07-24 13:57:15 +0000  copying file ./Payload/iOSLearnList.app/iOSLearnListBundle.bundle/Info.plist ... 
2019-07-24 13:57:15 +0000  936 bytes for ./Payload/iOSLearnList.app/iOSLearnListBundle.bundle/Info.plist
2019-07-24 13:57:15 +0000  copying file ./Payload/iOSLearnList.app/launch4@2x.png ... 
2019-07-24 13:57:15 +0000  917971 bytes for ./Payload/iOSLearnList.app/launch4@2x.png
2019-07-24 13:57:15 +0000  copying file ./Payload/iOSLearnList.app/embedded.mobileprovision ... 
2019-07-24 13:57:15 +0000  7672 bytes for ./Payload/iOSLearnList.app/embedded.mobileprovision
copying file ./Payload/iOSLearnList.app/iOSLearnList ... 
2019-07-24 13:57:16 +0000  5315728 bytes for ./Payload/iOSLearnList.app/iOSLearnList
2019-07-24 13:57:16 +0000  copying file ./Payload/iOSLearnList.app/Info.plist ... 
1532 bytes for ./Payload/iOSLearnList.app/Info.plist
copying file ./Payload/iOSLearnList.app/PkgInfo ... 
2019-07-24 13:57:16 +0000  8 bytes for ./Payload/iOSLearnList.app/PkgInfo
2019-07-24 13:57:16 +0000  /usr/bin/ditto exited with 0
2019-07-24 13:57:16 +0000  Processing step: IDEDistributionAppStoreInformationStep
2019-07-24 13:57:16 +0000  Skipping step: IDEDistributionAppStoreInformationStep because it said so
2019-07-24 13:57:16 +0000  Processing step: IDEDistributionCreateManifestStep
